
Symbol Table:
Label 'array': 0x0000001E
Label 'continue': 0x00000015
Label 'count': 0x0000001D
Label 'done': 0x0000001B
Label 'loop': 0x00000000
Label 'maxi': 0x0000001C

PC (Hex) Machine Code Source Line
-------- ------------ ------------
00000000 N/A ;NAME		:Shresth Kasyap
00000000 N/A ;Roll Number 	:2301AI22
00000000 N/A ;Decaration of Authorship 
00000000 N/A ;Program to find the maximum value in an array
00000000 00001D01 loop: ldc count
00000001 00000005 ldnl 0
00000002 00001911 brlz done
00000003 00001E01 ldc array
00000004 00000007 add
00000005 00000005 ldnl 0
00000006 00001C01 ldc maxi
00000007 00000005 ldnl 0
00000008 00000008 sub
00000009 00000C11 brlz continue
0000000A 00001C01 ldc maxi
0000000B 00000005 ldnl 0
0000000C 00000007 add
0000000D 00001C01 ldc maxi
0000000E 00000006 stnl 0
0000000F 00001D01 ldc count
00000010 00000005 ldnl 0
00000011 FFFFFF02 adc -1
00000012 00001D01 ldc count
00000013 00000006 stnl 0
00000014 FFFFEC12 br loop
00000015 00001D01 continue: ldc count
00000016 00000005 ldnl 0
00000017 FFFFFF02 adc -1
00000018 00001D01 ldc count
00000019 00000006 stnl 0
0000001A FFFFE612 br loop
0000001B 00000013 done: HALT
0000001C 00000000 maxi: data 0
0000001D 00000900 count: data 9
0000001E 00000600 array: data 6
0000001F 00000400 data 4 
00000020 00000700 data 7 
00000021 00000A00 data 10
00000022 00000800 data 8 
00000023 00000500 data 5 
00000024 00000900 data 9 
00000025 00000200 data 2
00000026 00000100 data 1 
00000027 00000300 data 3
00000028 N/A 
