
Symbol Table:
Label 'array': 0x00000019
Label 'count': 0x00000018
Label 'done': 0x00000016
Label 'loop': 0x00000000
Label 'mini': 0x00000017
Label 'update': 0x00000010

PC (Hex) Machine Code Source Line
-------- ------------ ------------
00000000 N/A ;NAME 		:Shresth Kasyap
00000000 N/A ;Roll Number	:2301AI22
00000000 N/A ;Decaration of Authorship 
00000000 N/A ;Program to find the minimum value in an array
00000000 00001801 loop: ldc count
00000001 00000005 ldnl 0
00000002 00001411 brlz done
00000003 00001901 ldc array
00000004 00000007 add
00000005 00000005 ldnl 0
00000006 00001701 ldc mini
00000007 00000005 ldnl 0
00000008 00000008 sub
00000009 00000711 brlz update
0000000A 00001801 ldc count
0000000B 00000005 ldnl 0
0000000C FFFFFF02 adc -1
0000000D 00001801 ldc count
0000000E 00000006 stnl 0
0000000F FFFFF112 br loop
00000010 00001701 update: ldc mini
00000011 00000005 ldnl 0
00000012 00000007 add
00000013 00001701 ldc mini
00000014 00000006 stnl 0
00000015 FFFFEB12 br loop
00000016 00000013 done: HALT
00000017 FFFFFF00 mini: data 0xFFFFFF
00000018 00000900 count: data 9
00000019 00000600 array: data 6
0000001A 00000400 data 4 
0000001B 00000700 data 7 
0000001C 00000A00 data 10
0000001D 00000800 data 8 
0000001E 00000500 data 5 
0000001F 00000900 data 9 
00000020 00000200 data 2
00000021 00000100 data 1 
00000022 00000300 data 3
00000023 N/A 
