
Symbol Table:
Label 'array': 0x00000014
Label 'count': 0x00000013
Label 'done': 0x00000011
Label 'loop': 0x00000000
Label 'sum': 0x00000012

PC (Hex) Machine Code Source Line
-------- ------------ ------------
00000000 N/A ;NAME		:Shresth Kasyap
00000000 N/A ;Roll Number	:2301AI22
00000000 N/A ;Decaration of Authorship 
00000000 N/A ;Program to find the sum of values in an array
00000000 00001301 loop: ldc count
00000001 00000005 ldnl 0
00000002 00000F11 brlz done
00000003 00001401 ldc array
00000004 00000007 add
00000005 00000005 ldnl 0
00000006 00001201 ldc sum
00000007 00000005 ldnl 0
00000008 00000007 add
00000009 00001201 ldc sum
0000000A 00000006 stnl 0
0000000B 00001301 ldc count
0000000C 00000005 ldnl 0
0000000D FFFFFF02 adc -1
0000000E 00001301 ldc count
0000000F 00000006 stnl 0
00000010 FFFFF012 br loop
00000011 00000013 done: HALT
00000012 00000000 sum:   data 0
00000013 00000900 count: data 9 
00000014 00000600 array: data 6
00000015 00000400 data 4 
00000016 00000700 data 7 
00000017 00000A00 data 10
00000018 00000800 data 8 
00000019 00000500 data 5 
0000001A 00000900 data 9 
0000001B 00000200 data 2
0000001C 00000100 data 1 
0000001D 00000300 data 3
