
Symbol Table:
Label 'l1': 0x0000000C
Label 'l2': 0x0000000E
Label 'temp': 0x0000000D

PC (Hex) Machine Code Source Line
-------- ------------ ------------
00000000 N/A ;NAME		:Shresth Kasyap
00000000 N/A ;Roll NumbeR	:2301AI22
00000000 N/A ;Decaration of Authorship 
00000000 N/A ;swap from location 1 and location 2
00000000 00000C01 ldc l1 ;
00000001 00000005 ldnl 0   
00000002 00000D01 ldc temp 
00000003 00000006 stnl 0   
00000004 00000E01 ldc l2 
00000005 00000005 ldnl 0;
00000006 00000C01 ldc l1 
00000007 00000006 stnl 0;
00000008 00000D01 ldc temp 
00000009 00000005 ldnl 0
0000000A 00000E01 ldc l2
0000000B 00000006 stnl 0
0000000C N/A ; data segment
0000000C 00000800 l1:	data	0x0008 
0000000D 00000000 temp:   data    0x0000 
0000000E 00000500 l2:     data    0x0005 
